{
  "RSpec": {
    "coverage": {
      "/Users/luke/epicodus/rails/adventurebrag/spec/features/create_story_page_spec.rb": [
        1,
        null,
        1,
        1,
        1,
        1,
        1,
        1,
        1,
        null,
        1,
        null,
        1,
        1,
        1,
        1,
        1,
        null,
        1,
        1,
        1,
        1,
        1,
        1,
        null,
        1,
        null,
        1,
        1,
        1,
        1,
        1,
        null,
        null
      ],
      "/Users/luke/epicodus/rails/adventurebrag/spec/rails_helper.rb": [
        null,
        1,
        1,
        null,
        1,
        1,
        1,
        1,
        null,
        null,
        null,
        null,
        null,
        null,
        null,
        null,
        null,
        null,
        null,
        null,
        null,
        null,
        null,
        null,
        null,
        null,
        null,
        1,
        null,
        1,
        null,
        1,
        null,
        null,
        null,
        null,
        1,
        null,
        null,
        null,
        null,
        null,
        null,
        null,
        null,
        null,
        null,
        null,
        null,
        null,
        null,
        1,
        null,
        null,
        1,
        null,
        null,
        null,
        1,
        1,
        1,
        1,
        null,
        null
      ],
      "/Users/luke/epicodus/rails/adventurebrag/config/environment.rb": [
        null,
        1,
        null,
        null,
        1
      ],
      "/Users/luke/epicodus/rails/adventurebrag/config/application.rb": [
        1,
        null,
        1,
        null,
        1,
        1,
        1,
        1,
        1,
        1,
        1,
        1,
        null,
        null,
        null,
        null,
        1,
        null,
        1,
        1,
        null,
        null,
        null,
        null,
        null
      ],
      "/Users/luke/epicodus/rails/adventurebrag/config/boot.rb": [
        1,
        null,
        1
      ],
      "/Users/luke/epicodus/rails/adventurebrag/config/environments/test.rb": [
        1,
        null,
        null,
        null,
        null,
        null,
        null,
        1,
        null,
        null,
        null,
        null,
        1,
        null,
        null,
        1,
        1,
        null,
        null,
        null,
        null,
        1,
        1,
        null,
        null,
        1,
        null,
        null,
        1,
        1,
        null,
        null,
        null,
        null,
        1,
        null,
        null,
        1,
        null,
        null,
        null,
        null
      ],
      "/Users/luke/epicodus/rails/adventurebrag/config/initializers/application_controller_renderer.rb": [
        null,
        null,
        null,
        null,
        null,
        null
      ],
      "/Users/luke/epicodus/rails/adventurebrag/config/initializers/assets.rb": [
        null,
        null,
        null,
        1,
        null,
        null,
        null,
        null,
        null,
        null,
        null
      ],
      "/Users/luke/epicodus/rails/adventurebrag/config/initializers/backtrace_silencers.rb": [
        null,
        null,
        null,
        null,
        null,
        null,
        null
      ],
      "/Users/luke/epicodus/rails/adventurebrag/config/initializers/cookies_serializer.rb": [
        null,
        null,
        null,
        null,
        1
      ],
      "/Users/luke/epicodus/rails/adventurebrag/config/initializers/devise.rb": [
        null,
        null,
        1,
        null,
        null,
        null,
        null,
        null,
        null,
        null,
        null,
        null,
        null,
        null,
        1,
        null,
        null,
        null,
        null,
        null,
        null,
        null,
        null,
        null,
        null,
        null,
        1,
        null,
        null,
        null,
        null,
        null,
        null,
        null,
        null,
        null,
        null,
        null,
        null,
        null,
        null,
        null,
        null,
        null,
        null,
        null,
        null,
        null,
        1,
        null,
        null,
        null,
        null,
        1,
        null,
        null,
        null,
        null,
        null,
        null,
        null,
        null,
        null,
        null,
        null,
        null,
        null,
        null,
        null,
        null,
        null,
        null,
        null,
        null,
        null,
        null,
        null,
        null,
        null,
        null,
        null,
        null,
        null,
        null,
        1,
        null,
        null,
        null,
        null,
        null,
        null,
        null,
        null,
        null,
        null,
        null,
        null,
        null,
        null,
        null,
        null,
        null,
        null,
        null,
        null,
        null,
        null,
        1,
        null,
        null,
        null,
        null,
        null,
        null,
        null,
        null,
        null,
        null,
        null,
        null,
        null,
        null,
        null,
        null,
        null,
        null,
        null,
        null,
        null,
        null,
        null,
        null,
        null,
        null,
        null,
        1,
        null,
        null,
        null,
        null,
        null,
        null,
        null,
        null,
        null,
        1,
        null,
        null,
        null,
        null,
        null,
        null,
        null,
        null,
        null,
        null,
        1,
        null,
        null,
        null,
        null,
        1,
        null,
        null,
        null,
        null,
        null,
        null,
        null,
        null,
        null,
        null,
        null,
        null,
        null,
        null,
        null,
        null,
        null,
        null,
        null,
        null,
        null,
        null,
        null,
        null,
        null,
        null,
        null,
        null,
        null,
        null,
        null,
        null,
        null,
        null,
        null,
        null,
        null,
        null,
        null,
        null,
        1,
        null,
        null,
        null,
        null,
        null,
        null,
        null,
        null,
        null,
        null,
        null,
        null,
        null,
        null,
        null,
        null,
        null,
        null,
        null,
        1,
        null,
        null,
        null,
        null,
        null,
        null,
        null,
        null,
        null,
        null,
        null,
        null,
        null,
        null,
        null,
        null,
        null,
        null,
        null,
        null,
        null,
        1,
        null,
        null,
        null,
        null,
        null,
        null,
        null,
        null,
        null,
        null,
        null,
        null,
        null,
        null,
        null,
        null,
        null,
        null,
        null,
        null,
        null,
        null,
        null,
        null,
        null,
        null,
        null,
        null,
        null
      ],
      "/Users/luke/epicodus/rails/adventurebrag/config/initializers/filter_parameter_logging.rb": [
        null,
        null,
        null,
        1
      ],
      "/Users/luke/epicodus/rails/adventurebrag/config/initializers/inflections.rb": [
        null,
        null,
        null,
        null,
        null,
        null,
        null,
        null,
        null,
        null,
        null,
        null,
        null,
        null,
        null,
        null
      ],
      "/Users/luke/epicodus/rails/adventurebrag/config/initializers/mime_types.rb": [
        null,
        null,
        null,
        null
      ],
      "/Users/luke/epicodus/rails/adventurebrag/config/initializers/new_framework_defaults.rb": [
        null,
        null,
        null,
        null,
        null,
        null,
        null,
        1,
        null,
        null,
        1,
        null,
        null,
        null,
        1,
        null,
        null,
        1,
        null,
        null,
        1,
        null,
        null,
        1
      ],
      "/Users/luke/epicodus/rails/adventurebrag/config/initializers/rails_admin.rb": [
        1,
        null,
        null,
        null,
        null,
        1,
        0,
        null,
        1,
        null,
        null,
        1,
        null,
        null,
        null,
        null,
        null,
        null,
        null,
        null,
        null,
        null,
        null,
        null,
        null,
        1,
        1,
        1,
        1,
        1,
        1,
        1,
        1,
        1,
        1,
        null,
        null,
        null,
        null,
        null,
        null
      ],
      "/Users/luke/epicodus/rails/adventurebrag/config/initializers/session_store.rb": [
        null,
        null,
        1
      ],
      "/Users/luke/epicodus/rails/adventurebrag/config/initializers/wrap_parameters.rb": [
        null,
        null,
        null,
        null,
        null,
        null,
        1,
        2,
        null,
        null,
        null,
        null,
        null,
        null
      ],
      "/Users/luke/epicodus/rails/adventurebrag/config/routes.rb": [
        1,
        1,
        1,
        1,
        1,
        1,
        null,
        null
      ],
      "/Users/luke/epicodus/rails/adventurebrag/app/models/user.rb": [
        1,
        null,
        null,
        1,
        null,
        1,
        null
      ],
      "/Users/luke/epicodus/rails/adventurebrag/app/models/application_record.rb": [
        1,
        1,
        null
      ],
      "/Users/luke/epicodus/rails/adventurebrag/app/controllers/application_controller.rb": [
        1,
        1,
        1,
        null,
        1,
        0,
        null,
        null
      ],
      "/Users/luke/epicodus/rails/adventurebrag/app/helpers/application_helper.rb": [
        1,
        null
      ],
      "/Users/luke/epicodus/rails/adventurebrag/app/channels/application_cable/channel.rb": [
        1,
        1,
        null,
        null
      ],
      "/Users/luke/epicodus/rails/adventurebrag/app/channels/application_cable/connection.rb": [
        1,
        1,
        null,
        null
      ],
      "/Users/luke/epicodus/rails/adventurebrag/app/controllers/adventures_controller.rb": [
        1,
        1,
        0,
        0,
        null,
        1,
        0,
        0,
        0,
        0,
        0,
        null,
        0,
        0,
        null,
        null,
        1,
        0,
        null,
        1,
        0,
        0,
        0,
        0,
        0,
        null,
        0,
        0,
        null,
        null,
        1,
        0,
        0,
        0,
        0,
        null,
        null,
        1,
        1,
        0,
        null,
        null
      ],
      "/Users/luke/epicodus/rails/adventurebrag/app/controllers/home_controller.rb": [
        1,
        1,
        null,
        1,
        null,
        null
      ],
      "/Users/luke/epicodus/rails/adventurebrag/app/controllers/places_controller.rb": [
        1,
        1,
        null,
        1,
        0,
        null,
        1,
        3,
        null,
        null,
        1,
        2,
        2,
        null,
        1,
        2,
        2,
        1,
        1,
        null,
        2,
        1,
        null,
        null,
        null,
        1,
        0,
        0,
        null,
        1,
        0,
        0,
        0,
        0,
        null,
        0,
        0,
        null,
        null,
        1,
        0,
        0,
        0,
        0,
        null,
        null,
        1,
        1,
        2,
        null,
        null
      ],
      "/Users/luke/epicodus/rails/adventurebrag/app/jobs/application_job.rb": [
        1,
        null
      ],
      "/Users/luke/epicodus/rails/adventurebrag/app/mailers/application_mailer.rb": [
        1,
        1,
        1,
        null
      ],
      "/Users/luke/epicodus/rails/adventurebrag/app/models/ability.rb": [
        1,
        1,
        null,
        1,
        null,
        null,
        15,
        15,
        9,
        9,
        6,
        6,
        null,
        null,
        null
      ],
      "/Users/luke/epicodus/rails/adventurebrag/app/models/adventure.rb": [
        1,
        1,
        1,
        1,
        null
      ],
      "/Users/luke/epicodus/rails/adventurebrag/app/models/model.rb": [
        1,
        null,
        null,
        1,
        null,
        null
      ],
      "/Users/luke/epicodus/rails/adventurebrag/app/models/place.rb": [
        1,
        1,
        1,
        null
      ],
      "/Users/luke/epicodus/rails/adventurebrag/spec/factories/adventures_and_places.rb": [
        1,
        1,
        1,
        null,
        1,
        1,
        null,
        null
      ],
      "/Users/luke/epicodus/rails/adventurebrag/spec/factories/models.rb": [
        1,
        1,
        null,
        null,
        null
      ],
      "/Users/luke/epicodus/rails/adventurebrag/spec/factories/users.rb": [
        1,
        1,
        1,
        1,
        1,
        null,
        null,
        1,
        0,
        null
      ],
      "/Users/luke/epicodus/rails/adventurebrag/spec/features/login_page_spec.rb": [
        1,
        null,
        1,
        1,
        1,
        1,
        1,
        1,
        1,
        1,
        null,
        null
      ],
      "/Users/luke/epicodus/rails/adventurebrag/spec/models/adventure_spec.rb": [
        1,
        null,
        1,
        2,
        2,
        2,
        null,
        1,
        1,
        null,
        null
      ],
      "/Users/luke/epicodus/rails/adventurebrag/spec/models/model_spec.rb": [
        1,
        null,
        null,
        null,
        null
      ],
      "/Users/luke/epicodus/rails/adventurebrag/spec/models/place_spec.rb": [
        1,
        null,
        1,
        2,
        2,
        1,
        1,
        null,
        null
      ],
      "/Users/luke/epicodus/rails/adventurebrag/spec/models/user_spec.rb": [
        1,
        null,
        null,
        1,
        2,
        null,
        null,
        null
      ]
    },
    "timestamp": 1487332360
  }
}
